<?xml version="1.0" encoding="UTF-8"?>
<!-- Generated by org.testng.reporters.JUnitXMLReporter -->
<testsuite hostname="DESKTOP-FVKBK2P" ignored="0" name="Verification Test" tests="5" failures="0" timestamp="2021-06-08T15:50:06 WAT" time="1364.097" errors="0">
  <testcase name="runScenario" time="658.972" classname="io.cucumber.testng.AbstractTestNGCucumberTests"/>
  <testcase name="runScenario" time="46.6" classname="io.cucumber.testng.AbstractTestNGCucumberTests"/>
  <testcase name="runScenario" time="148.123" classname="io.cucumber.testng.AbstractTestNGCucumberTests"/>
  <testcase name="runScenario" time="439.564" classname="io.cucumber.testng.AbstractTestNGCucumberTests"/>
  <testcase name="runScenario" time="65.836" classname="io.cucumber.testng.AbstractTestNGCucumberTests"/>
</testsuite> <!-- Verification Test -->
