<?xml version="1.0" encoding="UTF-8"?>
<testsuite xmlns:xsi="http://www.w3.org/2001/XMLSchema-instance" xsi:noNamespaceSchemaLocation="https://maven.apache.org/surefire/maven-surefire-plugin/xsd/surefire-test-report-3.0.xsd" version="3.0" name="TestSuite" time="1,365.41" tests="5" errors="0" skipped="0" failures="0">
  <properties>
[...]
</properties>
  <testcase name="runScenario[&quot;The button &quot;Become a partner&quot; returns an error 404&quot;, &quot;Optional[access direct link]&quot;](1)" classname="TestRunner" time="659.217">
    <system-out><![CDATA[
@Bug_173_176
Scenario: The button "Become a partner" returns an error 404 &amp#27;[90m# src/test/resources/features/directLink.feature:4&amp#27;[0m
salut
Windows 10
C:\Users\Gabriel\Documents\PAWK\Projets\ManomanoTest
driver: ChromeDriver: chrome on WINDOWS (32dd186c153a4b1388538a505eaf53ce)
  &amp#27;[32mGiven &amp#27;[0m&amp#27;[32mnavigate to affiliate program&amp#27;[0m                        &amp#27;[90m# StepDefinitions.Page404StepDefs.navigateToAffiliatepgram()&amp#27;[0m
  &amp#27;[32mWhen &amp#27;[0m&amp#27;[32mclick to button Become a partner&amp#27;[0m                      &amp#27;[90m# StepDefinitions.Page404StepDefs.clickTobuttonBecomeAPartner()&amp#27;[0m
  &amp#27;[32mThen &amp#27;[0m&amp#27;[32muser redirect 404 page error&amp#27;[0m                          &amp#27;[90m# StepDefinitions.Page404StepDefs.userRedirect4040PageError()&amp#27;[0m
]]></system-out>
    <system-err><![CDATA[Starting ChromeDriver 90.0.4430.24 (4c6d850f087da467d926e8eddb76550aed655991-refs/branch-heads/4430@{#429}) on port 3301
Only local connections are allowed.
Please see https://chromedriver.chromium.org/security-considerations for suggestions on keeping ChromeDriver safe.
ChromeDriver was started successfully.
[1623162447.181][WARNING]: Deprecated chrome option is ignored: useAutomationExtension
[1623162447.184][WARNING]: Deprecated chrome option is ignored: useAutomationExtension
[1623162448.304][WARNING]: This version of ChromeDriver has not been tested with Chrome version 91.
juin 08, 2021 3:27:28 PM org.openqa.selenium.remote.ProtocolHandshake createSession
INFOS: Detected dialect: W3C
]]></system-err>
  </testcase>
  <testcase name="runScenario[&quot;The FAQ contact form returns an error&quot;, &quot;Optional[access direct link]&quot;](2)" classname="TestRunner" time="46.944">
    <system-out><![CDATA[
@Bug_193
Scenario: The FAQ contact form returns an error &amp#27;[90m# src/test/resources/features/directLink.feature:10&amp#27;[0m
salut
Windows 10
C:\Users\Gabriel\Documents\PAWK\Projets\ManomanoTest
driver: ChromeDriver: chrome on WINDOWS (0dca01fd5609258137d2ad014022fc47)
  &amp#27;[32mGiven &amp#27;[0m&amp#27;[32mFrom the affiliate page&amp#27;[0m                 &amp#27;[90m# StepDefinitions.ErrorFormFAQ.openFAQPage()&amp#27;[0m
  &amp#27;[32mWhen &amp#27;[0m&amp#27;[32mFill out the form "You have a question"&amp#27;[0m  &amp#27;[90m# StepDefinitions.ErrorFormFAQ.FillOutTheForm()&amp#27;[0m
test test
bug non resolu
  &amp#27;[32mThen &amp#27;[0m&amp#27;[32msee message error&amp#27;[0m                        &amp#27;[90m# StepDefinitions.ErrorFormFAQ.seeMeesageError()&amp#27;[0m
]]></system-out>
    <system-err><![CDATA[Starting ChromeDriver 90.0.4430.24 (4c6d850f087da467d926e8eddb76550aed655991-refs/branch-heads/4430@{#429}) on port 5409
Only local connections are allowed.
Please see https://chromedriver.chromium.org/security-considerations for suggestions on keeping ChromeDriver safe.
ChromeDriver was started successfully.
[1623163104.746][WARNING]: Deprecated chrome option is ignored: useAutomationExtension
[1623163104.749][WARNING]: Deprecated chrome option is ignored: useAutomationExtension
[1623163105.905][WARNING]: This version of ChromeDriver has not been tested with Chrome version 91.
juin 08, 2021 3:38:26 PM org.openqa.selenium.remote.ProtocolHandshake createSession
INFOS: Detected dialect: W3C
]]></system-err>
  </testcase>
  <testcase name="runScenario[&quot;The &quot;yes&quot; and &quot;no&quot; buttons do not work&quot;, &quot;Optional[access direct link]&quot;](3)" classname="TestRunner" time="147.902">
    <system-out><![CDATA[
@Bug_202
Scenario: The "yes" and "no" buttons do not work &amp#27;[90m# src/test/resources/features/directLink.feature:16&amp#27;[0m
salut
Windows 10
C:\Users\Gabriel\Documents\PAWK\Projets\ManomanoTest
driver: ChromeDriver: chrome on WINDOWS (30d10bfcd74c2f489681f6b917cd8469)
  &amp#27;[32mGiven &amp#27;[0m&amp#27;[32mOn the Customer FAQ page&amp#27;[0m                 &amp#27;[90m# StepDefinitions.ButtonDoesNotWorkStepDefs.onTheCustomerFAQPage()&amp#27;[0m
  &amp#27;[32mAnd &amp#27;[0m&amp#27;[32mSelect the article&amp#27;[0m                         &amp#27;[90m# StepDefinitions.ButtonDoesNotWorkStepDefs.selectArticle()&amp#27;[0m
  &amp#27;[32mAnd &amp#27;[0m&amp#27;[32mScroll to the "Was this article helpful?"&amp#27;[0m  &amp#27;[90m# StepDefinitions.ButtonDoesNotWorkStepDefs.scrollToTheWasThisarticleHelpful()&amp#27;[0m
bug non resolu
  &amp#27;[32mThen &amp#27;[0m&amp#27;[32mClick either on "Yes" or "No"&amp#27;[0m             &amp#27;[90m# StepDefinitions.ButtonDoesNotWorkStepDefs.ClickEitherOnYesorNo()&amp#27;[0m
]]></system-out>
    <system-err><![CDATA[Starting ChromeDriver 90.0.4430.24 (4c6d850f087da467d926e8eddb76550aed655991-refs/branch-heads/4430@{#429}) on port 43853
Only local connections are allowed.
Please see https://chromedriver.chromium.org/security-considerations for suggestions on keeping ChromeDriver safe.
ChromeDriver was started successfully.
[1623163151.492][WARNING]: Deprecated chrome option is ignored: useAutomationExtension
[1623163151.495][WARNING]: Deprecated chrome option is ignored: useAutomationExtension
[1623163152.282][WARNING]: This version of ChromeDriver has not been tested with Chrome version 91.
juin 08, 2021 3:39:12 PM org.openqa.selenium.remote.ProtocolHandshake createSession
INFOS: Detected dialect: W3C
]]></system-err>
  </testcase>
  <testcase name="runScenario[&quot;Redirection to an error page when closing the login form from the FAQ page&quot;, &quot;Optional[access direct link]&quot;](4)" classname="TestRunner" time="439.694">
    <system-out><![CDATA[
@Bug_225
Scenario: Redirection to an error page when closing the login form from the FAQ page &amp#27;[90m# src/test/resources/features/directLink.feature:23&amp#27;[0m
salut
Windows 10
C:\Users\Gabriel\Documents\PAWK\Projets\ManomanoTest
driver: ChromeDriver: chrome on WINDOWS (295599f08b4809c2725555c618d8edc4)
  &amp#27;[32mGiven &amp#27;[0m&amp#27;[32mFrom the FAQ page&amp#27;[0m                                                            &amp#27;[90m# StepDefinitions.RedirectErrorStepDefs.FromTheFAQPage()&amp#27;[0m
  &amp#27;[32mWhen &amp#27;[0m&amp#27;[32mSelect "Returns and Refunds"&amp#27;[0m                                                  &amp#27;[90m# StepDefinitions.RedirectErrorStepDefs.SelectReturnsAndRefunds()&amp#27;[0m
  &amp#27;[32mAnd &amp#27;[0m&amp#27;[32mChoose I changed my mind, I no longer want my product (withdrawal)&amp#27;[0m             &amp#27;[90m# StepDefinitions.RedirectErrorStepDefs.chooseIChangedMyMindINoLongerWantMyProductWithdrawal()&amp#27;[0m
  &amp#27;[32mAnd &amp#27;[0m&amp#27;[32mClick on Subscribe&amp#27;[0m                                                             &amp#27;[90m# StepDefinitions.RedirectErrorStepDefs.clickOnSubscribe()&amp#27;[0m
title modal: https://monechelle.zendesk.com/access/normal?return_to=https%3A%2F%2Ffaq.manomano.com%2Fhc%2Ffr%2Farticles%2F360000487367-J-ai-chang%25C3%25A9-d-avis-je-ne-veux-plus-mon-produit-r%25C3%25A9tractation
bug KO
  &amp#27;[32mThen &amp#27;[0m&amp#27;[32mClose the login form using the cross&amp#27;[0m                                          &amp#27;[90m# StepDefinitions.RedirectErrorStepDefs.closeTheLoginFormUsingTheCross()&amp#27;[0m
]]></system-out>
    <system-err><![CDATA[Starting ChromeDriver 90.0.4430.24 (4c6d850f087da467d926e8eddb76550aed655991-refs/branch-heads/4430@{#429}) on port 47282
Only local connections are allowed.
Please see https://chromedriver.chromium.org/security-considerations for suggestions on keeping ChromeDriver safe.
ChromeDriver was started successfully.
[1623163299.459][WARNING]: Deprecated chrome option is ignored: useAutomationExtension
[1623163299.462][WARNING]: Deprecated chrome option is ignored: useAutomationExtension
[1623163300.810][WARNING]: This version of ChromeDriver has not been tested with Chrome version 91.
juin 08, 2021 3:41:40 PM org.openqa.selenium.remote.ProtocolHandshake createSession
INFOS: Detected dialect: W3C
]]></system-err>
  </testcase>
  <testcase name="runScenario[&quot;Special characters accepted in the first and last name fields&quot;, &quot;Optional[user manager]&quot;](5)" classname="TestRunner" time="65.539">
    <system-out><![CDATA[
@Bug_204
Scenario: Special characters accepted in the first and last name fields                         &amp#27;[90m# src/test/resources/features/userManager.feature:4&amp#27;[0m
salut
Windows 10
C:\Users\Gabriel\Documents\PAWK\Projets\ManomanoTest
driver: ChromeDriver: chrome on WINDOWS (cd4820ddba2f84ffbfc9e01f4dbc39eb)
  &amp#27;[32mGiven &amp#27;[0m&amp#27;[32mgo to the login page&amp#27;[0m                                                                    &amp#27;[90m# StepDefinitions.SetNameAcceptSpecialCharactersStepDefs.goToLoginPage()&amp#27;[0m
  &amp#27;[32mAnd &amp#27;[0m&amp#27;[32mconnect to account&amp#27;[0m                                                                        &amp#27;[90m# StepDefinitions.SetNameAcceptSpecialCharactersStepDefs.login()&amp#27;[0m
  &amp#27;[32mWhen &amp#27;[0m&amp#27;[32mclick on My account settings&amp#27;[0m                                                             &amp#27;[90m# StepDefinitions.SetNameAcceptSpecialCharactersStepDefs.clickOnMyaccountSettings()&amp#27;[0m
  &amp#27;[32mAnd &amp#27;[0m&amp#27;[32mGo to My private information&amp#27;[0m                                                              &amp#27;[90m# StepDefinitions.SetNameAcceptSpecialCharactersStepDefs.goToMyPrivateInformation()&amp#27;[0m
  &amp#27;[32mAnd &amp#27;[0m&amp#27;[32mEnter the underscore (_) and period (.) Characters in the Last name and First name fields&amp#27;[0m &amp#27;[90m# StepDefinitions.SetNameAcceptSpecialCharactersStepDefs.enterTheUnderscore_AndPeriodCharactersInTheLastNameAndFirstNameFields()&amp#27;[0m
name user: .dfdfs
Bug non resolu
  &amp#27;[32mThen &amp#27;[0m&amp#27;[32mClick on Validate&amp#27;[0m                                                                        &amp#27;[90m# StepDefinitions.SetNameAcceptSpecialCharactersStepDefs.clickOnValidate()&amp#27;[0m
]]></system-out>
    <system-err><![CDATA[Starting ChromeDriver 90.0.4430.24 (4c6d850f087da467d926e8eddb76550aed655991-refs/branch-heads/4430@{#429}) on port 5814
Only local connections are allowed.
Please see https://chromedriver.chromium.org/security-considerations for suggestions on keeping ChromeDriver safe.
ChromeDriver was started successfully.
[1623163739.253][WARNING]: Deprecated chrome option is ignored: useAutomationExtension
[1623163739.257][WARNING]: Deprecated chrome option is ignored: useAutomationExtension
[1623163740.213][WARNING]: This version of ChromeDriver has not been tested with Chrome version 91.
juin 08, 2021 3:49:00 PM org.openqa.selenium.remote.ProtocolHandshake createSession
INFOS: Detected dialect: W3C
]]></system-err>
  </testcase>
</testsuite>