<?xml version="1.0" encoding="UTF-8"?>
<testsuite xmlns:xsi="http://www.w3.org/2001/XMLSchema-instance" xsi:noNamespaceSchemaLocation="https://maven.apache.org/surefire/maven-surefire-plugin/xsd/surefire-test-report-3.0.xsd" version="3.0" name="TestSuite" time="207.658" tests="4" errors="0" skipped="0" failures="1">
  <properties>
[...]
</properties>
  <testcase name="runScenario[&quot;Information link for &quot;ORGANIZING A PROFESSIONAL AND BUSINESS TOURISM EVENT&quot; returns a 403 error&quot;, &quot;Optional[retest automation]&quot;](1)" classname="TestRunner" time="77.238">
    <failure message="no such element: Unable to locate element: {&quot;method&quot;:&quot;xpath&quot;,&quot;selector&quot;:&quot;/html/body/div[4]/div[2]/main/div/section[2]/section[1]/h3[3]/p[4]/a[2]&quot;}&#10;  (Session info: chrome=91.0.4472.106)&#10;For documentation on this error, please visit: https://www.seleniumhq.org/exceptions/no_such_element.html&#10;Build info: version: &apos;4.0.0-alpha-2&apos;, revision: &apos;f148142cf8&apos;, time: &apos;2019-07-01T20:55:26&apos;&#10;System info: host: &apos;DESKTOP-FVKBK2P&apos;, ip: &apos;192.168.100.3&apos;, os.name: &apos;Windows 10&apos;, os.arch: &apos;amd64&apos;, os.version: &apos;10.0&apos;, java.version: &apos;1.8.0_231&apos;&#10;Driver info: org.openqa.selenium.chrome.ChromeDriver&#10;Capabilities {acceptInsecureCerts: false, browserName: chrome, browserVersion: 91.0.4472.106, chrome: {chromedriverVersion: 90.0.4430.24 (4c6d850f087da..., userDataDir: C:\Users\Gabriel\AppData\Lo...}, goog:chromeOptions: {debuggerAddress: localhost:50839}, javascriptEnabled: true, networkConnectionEnabled: false, pageLoadStrategy: normal, platform: WINDOWS, platformName: WINDOWS, proxy: Proxy(), setWindowRect: true, strictFileInteractability: false, timeouts: {implicit: 0, pageLoad: 300000, script: 30000}, unhandledPromptBehavior: dismiss and notify, webauthn:extension:largeBlob: true, webauthn:virtualAuthenticators: true}&#10;Session ID: 32de1eba1943612329aee62627821dbc&#10;*** Element info: {Using=xpath, value=/html/body/div[4]/div[2]/main/div/section[2]/section[1]/h3[3]/p[4]/a[2]}" type="org.openqa.selenium.NoSuchElementException"><![CDATA[org.openqa.selenium.NoSuchElementException: 
no such element: Unable to locate element: {"method":"xpath","selector":"/html/body/div[4]/div[2]/main/div/section[2]/section[1]/h3[3]/p[4]/a[2]"}
  (Session info: chrome=91.0.4472.106)
For documentation on this error, please visit: https://www.seleniumhq.org/exceptions/no_such_element.html
Build info: version: '4.0.0-alpha-2', revision: 'f148142cf8', time: '2019-07-01T20:55:26'
System info: host: 'DESKTOP-FVKBK2P', ip: '192.168.100.3', os.name: 'Windows 10', os.arch: 'amd64', os.version: '10.0', java.version: '1.8.0_231'
Driver info: org.openqa.selenium.chrome.ChromeDriver
Capabilities {acceptInsecureCerts: false, browserName: chrome, browserVersion: 91.0.4472.106, chrome: {chromedriverVersion: 90.0.4430.24 (4c6d850f087da..., userDataDir: C:\Users\Gabriel\AppData\Lo...}, goog:chromeOptions: {debuggerAddress: localhost:50839}, javascriptEnabled: true, networkConnectionEnabled: false, pageLoadStrategy: normal, platform: WINDOWS, platformName: WINDOWS, proxy: Proxy(), setWindowRect: true, strictFileInteractability: false, timeouts: {implicit: 0, pageLoad: 300000, script: 30000}, unhandledPromptBehavior: dismiss and notify, webauthn:extension:largeBlob: true, webauthn:virtualAuthenticators: true}
Session ID: 32de1eba1943612329aee62627821dbc
*** Element info: {Using=xpath, value=/html/body/div[4]/div[2]/main/div/section[2]/section[1]/h3[3]/p[4]/a[2]}
]]></failure>
    <system-out><![CDATA[
@Bug_1283
Scenario: Information link for "ORGANIZING A PROFESSIONAL AND BUSINESS TOURISM EVENT" returns a 403 error                         &amp#27;[90m# src/test/resources/features/retest.feature:4&amp#27;[0m
salut
Windows 10
C:\Users\Gabriel\Documents\PAWK\Projets\DisneyTestAuto
driver: ChromeDriver: chrome on WINDOWS (32de1eba1943612329aee62627821dbc)
  &amp#27;[32mGiven &amp#27;[0m&amp#27;[32muser in the home page&amp#27;[0m                                                                                                     &amp#27;[90m# StepDefinitions.BackgroundStepDefs.gotoHome()&amp#27;[0m
  &amp#27;[32mAnd &amp#27;[0m&amp#27;[32mClick on the Service tab in the footer&amp#27;[0m                                                                                      &amp#27;[90m# StepDefinitions.Error_403StepDefs.clickOnTheServiceTabInTheFooter()&amp#27;[0m
  &amp#27;[32mAnd &amp#27;[0m&amp#27;[32mClick on Contact us&amp#27;[0m                                                                                                         &amp#27;[90m# StepDefinitions.Error_403StepDefs.clickOnContactUs()&amp#27;[0m
  &amp#27;[31mWhen &amp#27;[0m&amp#27;[31mIn the Other contacts section under 'ORGANIZE A PROFESSIONAL AND BUSINESS TOURISM EVENT', click on the second 'click here'&amp#27;[0m &amp#27;[90m# StepDefinitions.Error_403StepDefs.clickBtnLink()&amp#27;[0m
      &amp#27;[31morg.openqa.selenium.NoSuchElementException: no such element: Unable to locate element: {"method":"xpath","selector":"/html/body/div[4]/div[2]/main/div/section[2]/section[1]/h3[3]/p[4]/a[2]"}
  (Session info: chrome=91.0.4472.106)
For documentation on this error, please visit: https://www.seleniumhq.org/exceptions/no_such_element.html
Build info: version: '4.0.0-alpha-2', revision: 'f148142cf8', time: '2019-07-01T20:55:26'
System info: host: 'DESKTOP-FVKBK2P', ip: '192.168.100.3', os.name: 'Windows 10', os.arch: 'amd64', os.version: '10.0', java.version: '1.8.0_231'
Driver info: org.openqa.selenium.chrome.ChromeDriver
Capabilities {acceptInsecureCerts: false, browserName: chrome, browserVersion: 91.0.4472.106, chrome: {chromedriverVersion: 90.0.4430.24 (4c6d850f087da..., userDataDir: C:\Users\Gabriel\AppData\Lo...}, goog:chromeOptions: {debuggerAddress: localhost:50839}, javascriptEnabled: true, networkConnectionEnabled: false, pageLoadStrategy: normal, platform: WINDOWS, platformName: WINDOWS, proxy: Proxy(), setWindowRect: true, strictFileInteractability: false, timeouts: {implicit: 0, pageLoad: 300000, script: 30000}, unhandledPromptBehavior: dismiss and notify, webauthn:extension:largeBlob: true, webauthn:virtualAuthenticators: true}
Session ID: 32de1eba1943612329aee62627821dbc
*** Element info: {Using=xpath, value=/html/body/div[4]/div[2]/main/div/section[2]/section[1]/h3[3]/p[4]/a[2]}
	at sun.reflect.NativeConstructorAccessorImpl.newInstance0(Native Method)
	at sun.reflect.NativeConstructorAccessorImpl.newInstance(NativeConstructorAccessorImpl.java:62)
	at sun.reflect.DelegatingConstructorAccessorImpl.newInstance(DelegatingConstructorAccessorImpl.java:45)
	at java.lang.reflect.Constructor.newInstance(Constructor.java:423)
	at org.openqa.selenium.remote.codec.w3c.W3CHttpResponseCodec.createException(W3CHttpResponseCodec.java:191)
	at org.openqa.selenium.remote.codec.w3c.W3CHttpResponseCodec.decode(W3CHttpResponseCodec.java:125)
	at org.openqa.selenium.remote.codec.w3c.W3CHttpResponseCodec.decode(W3CHttpResponseCodec.java:52)
	at org.openqa.selenium.remote.HttpCommandExecutor.execute(HttpCommandExecutor.java:161)
	at org.openqa.selenium.remote.service.DriverCommandExecutor.execute(DriverCommandExecutor.java:83)
	at org.openqa.selenium.remote.RemoteWebDriver.execute(RemoteWebDriver.java:576)
	at org.openqa.selenium.remote.RemoteWebDriver.findElement(RemoteWebDriver.java:327)
	at org.openqa.selenium.remote.RemoteWebDriver.findElementByXPath(RemoteWebDriver.java:445)
	at org.openqa.selenium.By$ByXPath.findElement(By.java:353)
	at org.openqa.selenium.remote.RemoteWebDriver.findElement(RemoteWebDriver.java:319)
	at org.openqa.selenium.support.pagefactory.DefaultElementLocator.findElement(DefaultElementLocator.java:70)
	at org.openqa.selenium.support.pagefactory.internal.LocatingElementHandler.invoke(LocatingElementHandler.java:39)
	at com.sun.proxy.$Proxy20.getAttribute(Unknown Source)
	at Base.BaseClass.navigateTo(BaseClass.java:52)
	at PageObject.HomePage.navigateToBusinessTorismLink(HomePage.java:132)
	at StepDefinitions.Error_403StepDefs.clickBtnLink(Error_403StepDefs.java:23)
	at âœ½.In the Other contacts section under 'ORGANIZE A PROFESSIONAL AND BUSINESS TOURISM EVENT', click on the second 'click here'(file:///C:/Users/Gabriel/Documents/PAWK/Projets/DisneyTestAuto/src/test/resources/features/retest.feature:8)
&amp#27;[0m
  &amp#27;[36mThen &amp#27;[0m&amp#27;[36msee the page 403&amp#27;[0m                                                                                                           &amp#27;[90m# StepDefinitions.Error_403StepDefs.verifymessageError()&amp#27;[0m
]]></system-out>
    <system-err><![CDATA[Starting ChromeDriver 90.0.4430.24 (4c6d850f087da467d926e8eddb76550aed655991-refs/branch-heads/4430@{#429}) on port 9668
Only local connections are allowed.
Please see https://chromedriver.chromium.org/security-considerations for suggestions on keeping ChromeDriver safe.
ChromeDriver was started successfully.
[1623926330.752][WARNING]: Deprecated chrome option is ignored: useAutomationExtension
[1623926330.753][WARNING]: Deprecated chrome option is ignored: useAutomationExtension
[1623926331.441][WARNING]: This version of ChromeDriver has not been tested with Chrome version 91.
juin 17, 2021 11:38:51 AM org.openqa.selenium.remote.ProtocolHandshake createSession
INFOS: Detected dialect: W3C
]]></system-err>
  </testcase>
  <testcase name="runScenario[&quot;The connection link to pay for your stay in several installments refers to an error page&quot;, &quot;Optional[retest automation]&quot;](2)" classname="TestRunner" time="82.008">
    <system-out><![CDATA[
@Bug_1118
Scenario: The connection link to pay for your stay in several installments refers to an error page                       &amp#27;[90m# src/test/resources/features/retest.feature:12&amp#27;[0m
salut
Windows 10
C:\Users\Gabriel\Documents\PAWK\Projets\DisneyTestAuto
driver: ChromeDriver: chrome on WINDOWS (e701d67831538dfd4b2c978548ee3e26)
  &amp#27;[32mGiven &amp#27;[0m&amp#27;[32muser in the home page&amp#27;[0m                                                                                            &amp#27;[90m# StepDefinitions.BackgroundStepDefs.gotoHome()&amp#27;[0m
  &amp#27;[32mAnd &amp#27;[0m&amp#27;[32mClick on "See all the advantages" in the "Book your stay with confidence" section&amp#27;[0m                                  &amp#27;[90m# StepDefinitions.loginpageNotfoundStepDefs.ClickonSeeAllTheAdvantagesInTheBookyourStay()&amp#27;[0m
  &amp#27;[32mAnd &amp#27;[0m&amp#27;[32mClick on the "Find out more" button in the "Pay in several installments, free of charge" section&amp#27;[0m                   &amp#27;[90m# StepDefinitions.loginpageNotfoundStepDefs.clickFindOutMorePayInSeveralInstallements()&amp#27;[0m
  &amp#27;[32mWhen &amp#27;[0m&amp#27;[32mIn "Payment of the balance" under "On your Disney account: easy!" click on "Connect" or on "Create your own now!"&amp#27;[0m &amp#27;[90m# StepDefinitions.loginpageNotfoundStepDefs.clickOnConnectorOnCreateyourownnow()&amp#27;[0m
  &amp#27;[32mThen &amp#27;[0m&amp#27;[32msee message error&amp#27;[0m                                                                                                 &amp#27;[90m# StepDefinitions.loginpageNotfoundStepDefs.getMessageError()&amp#27;[0m
]]></system-out>
    <system-err><![CDATA[Starting ChromeDriver 90.0.4430.24 (4c6d850f087da467d926e8eddb76550aed655991-refs/branch-heads/4430@{#429}) on port 34006
Only local connections are allowed.
Please see https://chromedriver.chromium.org/security-considerations for suggestions on keeping ChromeDriver safe.
ChromeDriver was started successfully.
[1623926405.970][WARNING]: Deprecated chrome option is ignored: useAutomationExtension
[1623926405.970][WARNING]: Deprecated chrome option is ignored: useAutomationExtension
[1623926406.775][WARNING]: This version of ChromeDriver has not been tested with Chrome version 91.
juin 17, 2021 11:40:06 AM org.openqa.selenium.remote.ProtocolHandshake createSession
INFOS: Detected dialect: W3C
]]></system-err>
  </testcase>
  <testcase name="runScenario[&quot;Harmonize behaviors&quot;, &quot;Optional[retest automation]&quot;](3)" classname="TestRunner" time="17.399">
    <system-out><![CDATA[
@Bug_1074
Scenario: Harmonize behaviors                                     &amp#27;[90m# src/test/resources/features/retest.feature:20&amp#27;[0m
salut
Windows 10
C:\Users\Gabriel\Documents\PAWK\Projets\DisneyTestAuto
driver: ChromeDriver: chrome on WINDOWS (088b585f566231af8588ab05ec0c3fc2)
  &amp#27;[32mGiven &amp#27;[0m&amp#27;[32muser in the home page disney.fr&amp#27;[0m                           &amp#27;[90m# StepDefinitions.HarmonizeBehaviorsStepDefs.navigateHomePage()&amp#27;[0m
  &amp#27;[32mWhen &amp#27;[0m&amp#27;[32mclick in the link social network&amp#27;[0m                           &amp#27;[90m# StepDefinitions.HarmonizeBehaviorsStepDefs.navigateLinkSocialnetwork()&amp#27;[0m
bug non resolu
  &amp#27;[32mThen &amp#27;[0m&amp#27;[32mlink does not redirect directly to the social network page&amp#27;[0m &amp#27;[90m# StepDefinitions.HarmonizeBehaviorsStepDefs.linkDoesNotRedirectDirectlyToTheSocialNetworkPage()&amp#27;[0m
]]></system-out>
    <system-err><![CDATA[Starting ChromeDriver 90.0.4430.24 (4c6d850f087da467d926e8eddb76550aed655991-refs/branch-heads/4430@{#429}) on port 36201
Only local connections are allowed.
Please see https://chromedriver.chromium.org/security-considerations for suggestions on keeping ChromeDriver safe.
ChromeDriver was started successfully.
[1623926488.172][WARNING]: Deprecated chrome option is ignored: useAutomationExtension
[1623926488.172][WARNING]: Deprecated chrome option is ignored: useAutomationExtension
[1623926488.862][WARNING]: This version of ChromeDriver has not been tested with Chrome version 91.
juin 17, 2021 11:41:28 AM org.openqa.selenium.remote.ProtocolHandshake createSession
INFOS: Detected dialect: W3C
]]></system-err>
  </testcase>
  <testcase name="runScenario[&quot;Overlapping menu bar and page title&quot;, &quot;Optional[retest automation]&quot;](4)" classname="TestRunner" time="25.823">
    <system-out><![CDATA[
@Bug_1051
Scenario: Overlapping menu bar and page title  &amp#27;[90m# src/test/resources/features/retest.feature:26&amp#27;[0m
salut
Windows 10
C:\Users\Gabriel\Documents\PAWK\Projets\DisneyTestAuto
driver: ChromeDriver: chrome on WINDOWS (b72d544db9f570640300a8bc652d0ef2)
  &amp#27;[32mGiven &amp#27;[0m&amp#27;[32muser in the home page disney&amp#27;[0m           &amp#27;[90m# StepDefinitions.OverlappingStepDefs.navigateHome()&amp#27;[0m
  &amp#27;[32mWhen &amp#27;[0m&amp#27;[32mIn the footer, click on Privacy rules&amp#27;[0m   &amp#27;[90m# StepDefinitions.OverlappingStepDefs.navigateToPrivacyRulePage()&amp#27;[0m
Bug non resolu
  &amp#27;[32mThen &amp#27;[0m&amp#27;[32msee Overlapping menu bar and page title&amp#27;[0m &amp#27;[90m# StepDefinitions.OverlappingStepDefs.checkPointElement()&amp#27;[0m
]]></system-out>
    <system-err><![CDATA[Starting ChromeDriver 90.0.4430.24 (4c6d850f087da467d926e8eddb76550aed655991-refs/branch-heads/4430@{#429}) on port 33886
Only local connections are allowed.
Please see https://chromedriver.chromium.org/security-considerations for suggestions on keeping ChromeDriver safe.
ChromeDriver was started successfully.
[1623926505.541][WARNING]: Deprecated chrome option is ignored: useAutomationExtension
[1623926505.541][WARNING]: Deprecated chrome option is ignored: useAutomationExtension
[1623926506.158][WARNING]: This version of ChromeDriver has not been tested with Chrome version 91.
juin 17, 2021 11:41:46 AM org.openqa.selenium.remote.ProtocolHandshake createSession
INFOS: Detected dialect: W3C
]]></system-err>
  </testcase>
</testsuite>